c:\users\acton\onedrive\documents\111_cosc345_project\0000000000000000\cosc345-project\qtguiapplication\ui_card.h
c:\users\acton\onedrive\documents\111_cosc345_project\0000000000000000\cosc345-project\qtguiapplication\ui_dialog.h
c:\users\acton\onedrive\documents\111_cosc345_project\0000000000000000\cosc345-project\qtguiapplication\ui_expandedcard.h
c:\users\acton\onedrive\documents\111_cosc345_project\0000000000000000\cosc345-project\qtguiapplication\ui_mainwindow.h
c:\users\acton\onedrive\documents\111_cosc345_project\0000000000000000\cosc345-project\qtguiapplication\debug\qrc_icons.cpp
c:\users\acton\onedrive\documents\111_cosc345_project\0000000000000000\cosc345-project\qtguiapplication\debug\moc_card.cpp
c:\users\acton\onedrive\documents\111_cosc345_project\0000000000000000\cosc345-project\qtguiapplication\debug\moc_dialog.cpp
c:\users\acton\onedrive\documents\111_cosc345_project\0000000000000000\cosc345-project\qtguiapplication\debug\moc_expandedcard.cpp
c:\users\acton\onedrive\documents\111_cosc345_project\0000000000000000\cosc345-project\qtguiapplication\debug\moc_mainwindow.cpp
c:\users\acton\onedrive\documents\111_cosc345_project\0000000000000000\cosc345-project\qtguiapplication\debug\mp.obj
c:\users\acton\onedrive\documents\111_cosc345_project\0000000000000000\cosc345-project\qtguiapplication\debug\card.obj
c:\users\acton\onedrive\documents\111_cosc345_project\0000000000000000\cosc345-project\qtguiapplication\debug\mainwindow.obj
c:\users\acton\onedrive\documents\111_cosc345_project\0000000000000000\cosc345-project\qtguiapplication\debug\dbmanager.obj
c:\users\acton\onedrive\documents\111_cosc345_project\0000000000000000\cosc345-project\qtguiapplication\debug\expandedcard.obj
c:\users\acton\onedrive\documents\111_cosc345_project\0000000000000000\cosc345-project\qtguiapplication\debug\dialog.obj
c:\users\acton\onedrive\documents\111_cosc345_project\0000000000000000\cosc345-project\qtguiapplication\debug\main.obj
c:\users\acton\onedrive\documents\111_cosc345_project\0000000000000000\cosc345-project\qtguiapplication\debug\finances.obj
c:\users\acton\onedrive\documents\111_cosc345_project\0000000000000000\cosc345-project\qtguiapplication\debug\vc143.pdb
c:\users\acton\onedrive\documents\111_cosc345_project\0000000000000000\cosc345-project\qtguiapplication\debug\qrc_icons.obj
c:\users\acton\onedrive\documents\111_cosc345_project\0000000000000000\cosc345-project\qtguiapplication\debug\moc_mainwindow.obj
c:\users\acton\onedrive\documents\111_cosc345_project\0000000000000000\cosc345-project\qtguiapplication\debug\moc_expandedcard.obj
c:\users\acton\onedrive\documents\111_cosc345_project\0000000000000000\cosc345-project\qtguiapplication\debug\moc_dialog.obj
c:\users\acton\onedrive\documents\111_cosc345_project\0000000000000000\cosc345-project\qtguiapplication\debug\moc_card.obj
c:\users\acton\onedrive\documents\111_cosc345_project\0000000000000000\cosc345-project\qtguiapplication\debug\moc_predefs.h
c:\users\acton\onedrive\documents\111_cosc345_project\0000000000000000\cosc345-project\qtguiapplication\debug\sqlite_qt.exe
c:\users\acton\onedrive\documents\111_cosc345_project\0000000000000000\cosc345-project\qtguiapplication\debug\sqlite_qt.ilk
c:\users\acton\onedrive\documents\111_cosc345_project\0000000000000000\cosc345-project\qtguiapplication\debug\sqlite_qt.pdb
c:\users\acton\onedrive\documents\111_cosc345_project\0000000000000000\cosc345-project\qtguiapplication\debug\cardtest.tlog\cardtest.write.1u.tlog
c:\users\acton\onedrive\documents\111_cosc345_project\0000000000000000\cosc345-project\qtguiapplication\debug\cardtest.tlog\cl.command.1.tlog
c:\users\acton\onedrive\documents\111_cosc345_project\0000000000000000\cosc345-project\qtguiapplication\debug\cardtest.tlog\cl.items.tlog
c:\users\acton\onedrive\documents\111_cosc345_project\0000000000000000\cosc345-project\qtguiapplication\debug\cardtest.tlog\cl.read.1.tlog
c:\users\acton\onedrive\documents\111_cosc345_project\0000000000000000\cosc345-project\qtguiapplication\debug\cardtest.tlog\cl.write.1.tlog
c:\users\acton\onedrive\documents\111_cosc345_project\0000000000000000\cosc345-project\qtguiapplication\debug\cardtest.tlog\custombuild.command.1.tlog
c:\users\acton\onedrive\documents\111_cosc345_project\0000000000000000\cosc345-project\qtguiapplication\debug\cardtest.tlog\custombuild.read.1.tlog
c:\users\acton\onedrive\documents\111_cosc345_project\0000000000000000\cosc345-project\qtguiapplication\debug\cardtest.tlog\custombuild.write.1.tlog
c:\users\acton\onedrive\documents\111_cosc345_project\0000000000000000\cosc345-project\qtguiapplication\debug\cardtest.tlog\link.command.1.tlog
c:\users\acton\onedrive\documents\111_cosc345_project\0000000000000000\cosc345-project\qtguiapplication\debug\cardtest.tlog\link.read.1.tlog
c:\users\acton\onedrive\documents\111_cosc345_project\0000000000000000\cosc345-project\qtguiapplication\debug\cardtest.tlog\link.write.1.tlog
c:\users\acton\onedrive\documents\111_cosc345_project\0000000000000000\cosc345-project\qtguiapplication\debug\cardtest.tlog\moc.read.1u.tlog
c:\users\acton\onedrive\documents\111_cosc345_project\0000000000000000\cosc345-project\qtguiapplication\debug\cardtest.tlog\moc.write.1u.tlog
c:\users\acton\onedrive\documents\111_cosc345_project\0000000000000000\cosc345-project\qtguiapplication\debug\cardtest.tlog\rcc.read.1u.tlog
c:\users\acton\onedrive\documents\111_cosc345_project\0000000000000000\cosc345-project\qtguiapplication\debug\cardtest.tlog\rcc.write.1u.tlog
c:\users\acton\onedrive\documents\111_cosc345_project\0000000000000000\cosc345-project\qtguiapplication\debug\cardtest.tlog\uic.read.1u.tlog
c:\users\acton\onedrive\documents\111_cosc345_project\0000000000000000\cosc345-project\qtguiapplication\debug\cardtest.tlog\uic.write.1u.tlog
