c:\users\acton\onedrive\documents\111_cosc345_project\0000000000000000\cosc345-project\qtguiapplication\ui_card.h
c:\users\acton\onedrive\documents\111_cosc345_project\0000000000000000\cosc345-project\qtguiapplication\ui_dialog.h
c:\users\acton\onedrive\documents\111_cosc345_project\0000000000000000\cosc345-project\qtguiapplication\ui_expandedcard.h
c:\users\acton\onedrive\documents\111_cosc345_project\0000000000000000\cosc345-project\qtguiapplication\ui_mainwindow.h
c:\users\acton\onedrive\documents\111_cosc345_project\0000000000000000\cosc345-project\qtguiapplication\release\qrc_icons.cpp
c:\users\acton\onedrive\documents\111_cosc345_project\0000000000000000\cosc345-project\qtguiapplication\release\moc_card.cpp
c:\users\acton\onedrive\documents\111_cosc345_project\0000000000000000\cosc345-project\qtguiapplication\release\moc_dialog.cpp
c:\users\acton\onedrive\documents\111_cosc345_project\0000000000000000\cosc345-project\qtguiapplication\release\moc_expandedcard.cpp
c:\users\acton\onedrive\documents\111_cosc345_project\0000000000000000\cosc345-project\qtguiapplication\release\moc_mainwindow.cpp
c:\users\acton\onedrive\documents\111_cosc345_project\0000000000000000\cosc345-project\qtguiapplication\release\expandedcard.obj
c:\users\acton\onedrive\documents\111_cosc345_project\0000000000000000\cosc345-project\qtguiapplication\release\main.obj
c:\users\acton\onedrive\documents\111_cosc345_project\0000000000000000\cosc345-project\qtguiapplication\release\dbmanager.obj
c:\users\acton\onedrive\documents\111_cosc345_project\0000000000000000\cosc345-project\qtguiapplication\release\mainwindow.obj
c:\users\acton\onedrive\documents\111_cosc345_project\0000000000000000\cosc345-project\qtguiapplication\release\dialog.obj
c:\users\acton\onedrive\documents\111_cosc345_project\0000000000000000\cosc345-project\qtguiapplication\release\finances.obj
c:\users\acton\onedrive\documents\111_cosc345_project\0000000000000000\cosc345-project\qtguiapplication\release\card.obj
c:\users\acton\onedrive\documents\111_cosc345_project\0000000000000000\cosc345-project\qtguiapplication\release\mp.obj
c:\users\acton\onedrive\documents\111_cosc345_project\0000000000000000\cosc345-project\qtguiapplication\release\qrc_icons.obj
c:\users\acton\onedrive\documents\111_cosc345_project\0000000000000000\cosc345-project\qtguiapplication\release\moc_card.obj
c:\users\acton\onedrive\documents\111_cosc345_project\0000000000000000\cosc345-project\qtguiapplication\release\moc_mainwindow.obj
c:\users\acton\onedrive\documents\111_cosc345_project\0000000000000000\cosc345-project\qtguiapplication\release\moc_expandedcard.obj
c:\users\acton\onedrive\documents\111_cosc345_project\0000000000000000\cosc345-project\qtguiapplication\release\moc_dialog.obj
c:\users\acton\onedrive\documents\111_cosc345_project\0000000000000000\cosc345-project\qtguiapplication\release\moc_predefs.h
c:\users\acton\onedrive\documents\111_cosc345_project\0000000000000000\cosc345-project\qtguiapplication\release\sqlite_qt.exe
c:\users\acton\onedrive\documents\111_cosc345_project\0000000000000000\cosc345-project\qtguiapplication\release\cardtest.tlog\cardtest.write.1u.tlog
c:\users\acton\onedrive\documents\111_cosc345_project\0000000000000000\cosc345-project\qtguiapplication\release\cardtest.tlog\cl.command.1.tlog
c:\users\acton\onedrive\documents\111_cosc345_project\0000000000000000\cosc345-project\qtguiapplication\release\cardtest.tlog\cl.items.tlog
c:\users\acton\onedrive\documents\111_cosc345_project\0000000000000000\cosc345-project\qtguiapplication\release\cardtest.tlog\cl.read.1.tlog
c:\users\acton\onedrive\documents\111_cosc345_project\0000000000000000\cosc345-project\qtguiapplication\release\cardtest.tlog\cl.write.1.tlog
c:\users\acton\onedrive\documents\111_cosc345_project\0000000000000000\cosc345-project\qtguiapplication\release\cardtest.tlog\custombuild.command.1.tlog
c:\users\acton\onedrive\documents\111_cosc345_project\0000000000000000\cosc345-project\qtguiapplication\release\cardtest.tlog\custombuild.read.1.tlog
c:\users\acton\onedrive\documents\111_cosc345_project\0000000000000000\cosc345-project\qtguiapplication\release\cardtest.tlog\custombuild.write.1.tlog
c:\users\acton\onedrive\documents\111_cosc345_project\0000000000000000\cosc345-project\qtguiapplication\release\cardtest.tlog\link.command.1.tlog
c:\users\acton\onedrive\documents\111_cosc345_project\0000000000000000\cosc345-project\qtguiapplication\release\cardtest.tlog\link.read.1.tlog
c:\users\acton\onedrive\documents\111_cosc345_project\0000000000000000\cosc345-project\qtguiapplication\release\cardtest.tlog\link.write.1.tlog
c:\users\acton\onedrive\documents\111_cosc345_project\0000000000000000\cosc345-project\qtguiapplication\release\cardtest.tlog\moc.read.1u.tlog
c:\users\acton\onedrive\documents\111_cosc345_project\0000000000000000\cosc345-project\qtguiapplication\release\cardtest.tlog\moc.write.1u.tlog
c:\users\acton\onedrive\documents\111_cosc345_project\0000000000000000\cosc345-project\qtguiapplication\release\cardtest.tlog\rcc.read.1u.tlog
c:\users\acton\onedrive\documents\111_cosc345_project\0000000000000000\cosc345-project\qtguiapplication\release\cardtest.tlog\rcc.write.1u.tlog
c:\users\acton\onedrive\documents\111_cosc345_project\0000000000000000\cosc345-project\qtguiapplication\release\cardtest.tlog\uic.read.1u.tlog
c:\users\acton\onedrive\documents\111_cosc345_project\0000000000000000\cosc345-project\qtguiapplication\release\cardtest.tlog\uic.write.1u.tlog
